mode: set
go_udemy/bookings/internal/render/render.go:22.40,24.2 1 1
go_udemy/bookings/internal/render/render.go:27.84,33.2 5 1
go_udemy/bookings/internal/render/render.go:36.105,39.18 2 1
go_udemy/bookings/internal/render/render.go:46.2,47.9 2 1
go_udemy/bookings/internal/render/render.go:52.2,59.16 5 1
go_udemy/bookings/internal/render/render.go:64.2,64.12 1 1
go_udemy/bookings/internal/render/render.go:39.18,42.3 1 0
go_udemy/bookings/internal/render/render.go:42.8,44.3 1 1
go_udemy/bookings/internal/render/render.go:47.9,50.3 1 1
go_udemy/bookings/internal/render/render.go:59.16,62.3 2 0
go_udemy/bookings/internal/render/render.go:68.67,73.16 3 1
go_udemy/bookings/internal/render/render.go:77.2,77.29 1 1
go_udemy/bookings/internal/render/render.go:99.2,99.21 1 1
go_udemy/bookings/internal/render/render.go:73.16,75.3 1 0
go_udemy/bookings/internal/render/render.go:77.29,80.17 3 1
go_udemy/bookings/internal/render/render.go:84.3,85.17 2 1
go_udemy/bookings/internal/render/render.go:89.3,89.23 1 1
go_udemy/bookings/internal/render/render.go:96.3,96.21 1 1
go_udemy/bookings/internal/render/render.go:80.17,82.4 1 0
go_udemy/bookings/internal/render/render.go:85.17,87.4 1 0
go_udemy/bookings/internal/render/render.go:89.23,91.18 2 1
go_udemy/bookings/internal/render/render.go:91.18,93.5 1 0
